proguard/seeds.txt
harmony.java.awt.Font
harmony.java.awt.Font: int NORMAL
harmony.java.awt.Font: int BOLD
harmony.java.awt.Font: int ITALIC
harmony.java.awt.Font: java.lang.String name
harmony.java.awt.Font: int size
harmony.java.awt.Font: boolean bold
harmony.java.awt.Font: boolean italic
harmony.java.awt.Font: Font(java.lang.String,int,int)
harmony.java.awt.Font: java.lang.String getFontName()
harmony.java.awt.Font: boolean isBold()
harmony.java.awt.Font: boolean isItalic()
harmony.java.awt.Font: java.lang.String getName()
harmony.java.awt.Point
harmony.java.awt.Point: long serialVersionUID
harmony.java.awt.Point: int x
harmony.java.awt.Point: int y
harmony.java.awt.Point: Point()
harmony.java.awt.Point: Point(int,int)
harmony.java.awt.Point: Point(harmony.java.awt.Point)
harmony.java.awt.Point: boolean equals(java.lang.Object)
harmony.java.awt.Point: java.lang.String toString()
harmony.java.awt.Point: double getX()
harmony.java.awt.Point: double getY()
harmony.java.awt.Point: harmony.java.awt.Point getLocation()
harmony.java.awt.Point: void setLocation(harmony.java.awt.Point)
harmony.java.awt.Point: void setLocation(int,int)
harmony.java.awt.Point: void setLocation(double,double)
harmony.java.awt.Point: void move(int,int)
harmony.java.awt.Point: void translate(int,int)
harmony.java.awt.Polygon
harmony.java.awt.Polygon: long serialVersionUID
harmony.java.awt.Polygon: int BUFFER_CAPACITY
harmony.java.awt.Polygon: int npoints
harmony.java.awt.Polygon: int[] xpoints
harmony.java.awt.Polygon: int[] ypoints
harmony.java.awt.Polygon: harmony.java.awt.Rectangle bounds
harmony.java.awt.Polygon: Polygon()
harmony.java.awt.Polygon: Polygon(int[],int[],int)
harmony.java.awt.Polygon: void reset()
harmony.java.awt.Polygon: void invalidate()
harmony.java.awt.Polygon: void addPoint(int,int)
harmony.java.awt.Polygon: harmony.java.awt.Rectangle getBounds()
harmony.java.awt.Polygon: harmony.java.awt.Rectangle getBoundingBox()
harmony.java.awt.Polygon: harmony.java.awt.geom.Rectangle2D getBounds2D()
harmony.java.awt.Polygon: void translate(int,int)
harmony.java.awt.Polygon: boolean inside(int,int)
harmony.java.awt.Polygon: boolean contains(int,int)
harmony.java.awt.Polygon: boolean contains(double,double)
harmony.java.awt.Polygon: boolean contains(double,double,double,double)
harmony.java.awt.Polygon: boolean intersects(double,double,double,double)
harmony.java.awt.Polygon: boolean contains(harmony.java.awt.geom.Rectangle2D)
harmony.java.awt.Polygon: boolean contains(harmony.java.awt.Point)
harmony.java.awt.Polygon: boolean contains(harmony.java.awt.geom.Point2D)
harmony.java.awt.Polygon: boolean intersects(harmony.java.awt.geom.Rectangle2D)
harmony.java.awt.Polygon: harmony.java.awt.geom.PathIterator getPathIterator(harmony.java.awt.geom.AffineTransform)
harmony.java.awt.Polygon$Iterator
harmony.java.awt.Polygon$Iterator: harmony.java.awt.Polygon p
harmony.java.awt.Polygon$Iterator: harmony.java.awt.geom.AffineTransform t
harmony.java.awt.Polygon$Iterator: int index
harmony.java.awt.Polygon$Iterator: harmony.java.awt.Polygon this$0
harmony.java.awt.Polygon$Iterator: Polygon$Iterator(harmony.java.awt.Polygon,harmony.java.awt.geom.AffineTransform,harmony.java.awt.Polygon)
harmony.java.awt.Polygon$Iterator: int getWindingRule()
harmony.java.awt.Polygon$Iterator: boolean isDone()
harmony.java.awt.Polygon$Iterator: void next()
harmony.java.awt.Polygon$Iterator: int currentSegment(double[])
harmony.java.awt.Polygon$Iterator: int currentSegment(float[])