proguard/mapping.txt
android.support.v4.app.LoaderManagerImpl$LoaderInfo -> android.support.v4.app.z:
    int mId -> a
    android.os.Bundle mArgs -> b
    android.support.v4.app.LoaderManager$LoaderCallbacks mCallbacks -> c
    android.support.v4.content.Loader mLoader -> d
    boolean mHaveData -> e
    boolean mDeliveredData -> f
    java.lang.Object mData -> g
    boolean mStarted -> h
    boolean mRetaining -> i
    boolean mRetainingStarted -> j
    boolean mReportNextStart -> k
    boolean mDestroyed -> l
    boolean mListenerRegistered -> m
    android.support.v4.app.LoaderManagerImpl$LoaderInfo mPendingLoader -> n
    android.support.v4.app.LoaderManagerImpl this$0 -> o
    void start() -> a
    void retain() -> b
    void finishRetain() -> c
    void reportStart() -> d
    void stop() -> e
    void destroy() -> f
    void callOnLoadFinished(android.support.v4.content.Loader,java.lang.Object) -> a
    java.lang.String toString() -> toString
    void dump(java.lang.String,java.io.FileDescriptor,java.io.PrintWriter,java.lang.String[]) -> a
android.support.v4.app.NavUtils -> android.support.v4.app.aa:
    android.support.v4.app.NavUtils$NavUtilsImpl IMPL -> a
    void navigateUpFromSameTask(android.app.Activity) -> a
    void navigateUpTo(android.app.Activity,android.content.Intent) -> a
    android.content.Intent getParentActivityIntent(android.app.Activity) -> b
    java.lang.String getParentActivityName(android.app.Activity) -> c
    java.lang.String getParentActivityName(android.content.Context,android.content.ComponentName) -> a
android.support.v4.app.NavUtils$NavUtilsImpl -> android.support.v4.app.ab:
    android.content.Intent getParentActivityIntent(android.app.Activity) -> a
    void navigateUpTo(android.app.Activity,android.content.Intent) -> a
    java.lang.String getParentActivityName(android.content.Context,android.content.pm.ActivityInfo) -> a
android.support.v4.app.NavUtils$NavUtilsImplBase -> android.support.v4.app.ac:
    android.content.Intent getParentActivityIntent(android.app.Activity) -> a
    void navigateUpTo(android.app.Activity,android.content.Intent) -> a
    java.lang.String getParentActivityName(android.content.Context,android.content.pm.ActivityInfo) -> a
android.support.v4.app.NavUtils$NavUtilsImplJB -> android.support.v4.app.ad:
    android.content.Intent getParentActivityIntent(android.app.Activity) -> a
    android.content.Intent superGetParentActivityIntent(android.app.Activity) -> b
    void navigateUpTo(android.app.Activity,android.content.Intent) -> a
    java.lang.String getParentActivityName(android.content.Context,android.content.pm.ActivityInfo) -> a
android.support.v4.app.NavUtilsJB -> android.support.v4.app.ae:
    android.content.Intent getParentActivityIntent(android.app.Activity) -> a
    void navigateUpTo(android.app.Activity,android.content.Intent) -> a
    java.lang.String getParentActivityName(android.content.pm.ActivityInfo) -> a
android.support.v4.app.NoSaveStateFrameLayout -> android.support.v4.app.af:
    android.view.ViewGroup wrap(android.view.View) -> a
    void dispatchSaveInstanceState(android.util.SparseArray) -> dispatchSaveInstanceState
    void dispatchRestoreInstanceState(android.util.SparseArray) -> dispatchRestoreInstanceState
android.support.v4.app.SuperNotCalledException -> android.support.v4.app.ag:
android.support.v4.content.IntentCompat -> android.support.v4.a.a:
    android.support.v4.content.IntentCompat$IntentCompatImpl IMPL -> a
    android.content.Intent makeMainActivity(android.content.ComponentName) -> a
android.support.v4.content.IntentCompat$IntentCompatImpl -> android.support.v4.a.b:
    android.content.Intent makeMainActivity(android.content.ComponentName) -> a
android.support.v4.content.IntentCompat$IntentCompatImplBase -> android.support.v4.a.c:
    android.content.Intent makeMainActivity(android.content.ComponentName) -> a