proguard/usage.txt
android.support.v4.view.MenuItemCompat
android.support.v4.view.MenuItemCompat$BaseMenuVersionImpl
android.support.v4.view.MenuItemCompat$HoneycombMenuVersionImpl
android.support.v4.view.MenuItemCompat$MenuVersionImpl
android.support.v4.view.MenuItemCompatHoneycomb
android.support.v4.view.MotionEventCompat:
    public static final int ACTION_MASK
    public static final int ACTION_POINTER_DOWN
    public static final int ACTION_POINTER_UP
    public static final int ACTION_HOVER_MOVE
    public static final int ACTION_SCROLL
    public static final int ACTION_POINTER_INDEX_MASK
    public static final int ACTION_POINTER_INDEX_SHIFT
    public static final int ACTION_HOVER_ENTER
    public static final int ACTION_HOVER_EXIT
    25:80:public MotionEventCompat()
    183:183:public static int getActionMasked(android.view.MotionEvent)
    236:236:public static int getPointerCount(android.view.MotionEvent)
android.support.v4.view.MotionEventCompat$BaseMotionEventVersionImpl:
    73:73:public int getPointerCount(android.view.MotionEvent)
android.support.v4.view.MotionEventCompat$EclairMotionEventVersionImpl:
    99:99:public int getPointerCount(android.view.MotionEvent)
android.support.v4.view.MotionEventCompat$MotionEventVersionImpl:
    public abstract int getPointerCount(android.view.MotionEvent)
android.support.v4.view.MotionEventCompatEclair:
    24:24:MotionEventCompatEclair()
    38:38:public static int getPointerCount(android.view.MotionEvent)
android.support.v4.view.PagerAdapter:
    public static final int POSITION_UNCHANGED
    public static final int POSITION_NONE
    78:79:public PagerAdapter()
    276:277:public void notifyDataSetChanged()
    297:297:public java.lang.CharSequence getPageTitle(int)
android.support.v4.view.PagerTabStrip
android.support.v4.view.PagerTabStrip$1
android.support.v4.view.PagerTabStrip$2
android.support.v4.view.PagerTitleStrip
android.support.v4.view.PagerTitleStrip$1
android.support.v4.view.PagerTitleStrip$PageListener
android.support.v4.view.PagerTitleStrip$PagerTitleStripImpl
android.support.v4.view.PagerTitleStrip$PagerTitleStripImplBase
android.support.v4.view.PagerTitleStrip$PagerTitleStripImplIcs
android.support.v4.view.PagerTitleStripIcs
android.support.v4.view.PagerTitleStripIcs$SingleLineAllCapsTransform
android.support.v4.view.VelocityTrackerCompat:
    25:51:public VelocityTrackerCompat()
    91:91:public static float getYVelocity(android.view.VelocityTracker,int)
android.support.v4.view.VelocityTrackerCompat$BaseVelocityTrackerVersionImpl:
    44:44:public float getYVelocity(android.view.VelocityTracker,int)
android.support.v4.view.VelocityTrackerCompat$HoneycombVelocityTrackerVersionImpl:
    58:58:public float getYVelocity(android.view.VelocityTracker,int)
android.support.v4.view.VelocityTrackerCompat$VelocityTrackerVersionImpl:
    public abstract float getYVelocity(android.view.VelocityTracker,int)
android.support.v4.view.VelocityTrackerCompatHoneycomb:
    24:24:VelocityTrackerCompatHoneycomb()
    29:29:public static float getYVelocity(android.view.VelocityTracker,int)